{"uuid":"822d78b0-1e47-4f14-a705-41661b98e5e9","historyId":"bb704a49fc4fa0aad4b5d0ded18f45f","fullName":"sanity.SauceDemoWeb.test06_verify_visualization_primary_header_logo","labels":[{"name":"package","value":"sanity.SauceDemoWeb"},{"name":"testClass","value":"sanity.SauceDemoWeb"},{"name":"testMethod","value":"test06_verify_visualization_primary_header_logo"},{"name":"parentSuite","value":"Default Suite"},{"name":"suite","value":"AutomationCourse_FinalProject"},{"name":"subSuite","value":"sanity.SauceDemoWeb"},{"name":"host","value":"LAPTOP-V2LQLCOS"},{"name":"thread","value":"19180@LAPTOP-V2LQLCOS.main(1)"},{"name":"framework","value":"testng"},{"name":"language","value":"java"}],"links":[],"name":"Test06 - Verify Primary Header Logo","status":"failed","statusDetails":{"known":false,"muted":false,"flaky":false,"message":"Error comparing image file FindFailed: C:\\Users\\liorc\\IdeaProjects\\AutomationCourse_FinalProject\\ImageRepository\\test06_verify_visualization_primary_header_logo.png: (207x51) in R[0,0 1920x1080]@S(0)\n  Line 2226, in file Region.java\n","trace":"java.lang.AssertionError: Error comparing image file FindFailed: C:\\Users\\liorc\\IdeaProjects\\AutomationCourse_FinalProject\\ImageRepository\\test06_verify_visualization_primary_header_logo.png: (207x51) in R[0,0 1920x1080]@S(0)\n  Line 2226, in file Region.java\n\r\n\tat org.testng.Assert.fail(Assert.java:99)\r\n\tat extensions.Verifications.visualElement(Verifications.java:52)\r\n\tat sanity.SauceDemoWeb.test06_verify_visualization_primary_header_logo(SauceDemoWeb.java:59)\r\n\tat sun.reflect.NativeMethodAccessorImpl.invoke0(Native Method)\r\n\tat sun.reflect.NativeMethodAccessorImpl.invoke(NativeMethodAccessorImpl.java:62)\r\n\tat sun.reflect.DelegatingMethodAccessorImpl.invoke(DelegatingMethodAccessorImpl.java:43)\r\n\tat java.lang.reflect.Method.invoke(Method.java:498)\r\n\tat org.testng.internal.MethodInvocationHelper.invokeMethod(MethodInvocationHelper.java:133)\r\n\tat org.testng.internal.TestInvoker.invokeMethod(TestInvoker.java:598)\r\n\tat org.testng.internal.TestInvoker.invokeTestMethod(TestInvoker.java:173)\r\n\tat org.testng.internal.MethodRunner.runInSequence(MethodRunner.java:46)\r\n\tat org.testng.internal.TestInvoker$MethodInvocationAgent.invoke(TestInvoker.java:824)\r\n\tat org.testng.internal.TestInvoker.invokeTestMethods(TestInvoker.java:146)\r\n\tat org.testng.internal.TestMethodWorker.invokeTestMethods(TestMethodWorker.java:146)\r\n\tat org.testng.internal.TestMethodWorker.run(TestMethodWorker.java:128)\r\n\tat java.util.ArrayList.forEach(ArrayList.java:1259)\r\n\tat org.testng.TestRunner.privateRun(TestRunner.java:794)\r\n\tat org.testng.TestRunner.run(TestRunner.java:596)\r\n\tat org.testng.SuiteRunner.runTest(SuiteRunner.java:377)\r\n\tat org.testng.SuiteRunner.runSequentially(SuiteRunner.java:371)\r\n\tat org.testng.SuiteRunner.privateRun(SuiteRunner.java:332)\r\n\tat org.testng.SuiteRunner.run(SuiteRunner.java:276)\r\n\tat org.testng.SuiteRunnerWorker.runSuite(SuiteRunnerWorker.java:53)\r\n\tat org.testng.SuiteRunnerWorker.run(SuiteRunnerWorker.java:96)\r\n\tat org.testng.TestNG.runSuitesSequentially(TestNG.java:1212)\r\n\tat org.testng.TestNG.runSuitesLocally(TestNG.java:1134)\r\n\tat org.testng.TestNG.runSuites(TestNG.java:1063)\r\n\tat org.testng.TestNG.run(TestNG.java:1031)\r\n\tat com.intellij.rt.testng.IDEARemoteTestNG.run(IDEARemoteTestNG.java:66)\r\n\tat com.intellij.rt.testng.RemoteTestNGStarter.main(RemoteTestNGStarter.java:109)\r\n"},"stage":"finished","description":"This test verifies the visualization of the primary header logo using Sikuli","steps":[{"name":"Verify Element Visualization","status":"failed","statusDetails":{"known":false,"muted":false,"flaky":false,"message":"Error comparing image file FindFailed: C:\\Users\\liorc\\IdeaProjects\\AutomationCourse_FinalProject\\ImageRepository\\test06_verify_visualization_primary_header_logo.png: (207x51) in R[0,0 1920x1080]@S(0)\n  Line 2226, in file Region.java\n","trace":"java.lang.AssertionError: Error comparing image file FindFailed: C:\\Users\\liorc\\IdeaProjects\\AutomationCourse_FinalProject\\ImageRepository\\test06_verify_visualization_primary_header_logo.png: (207x51) in R[0,0 1920x1080]@S(0)\n  Line 2226, in file Region.java\n\r\n\tat org.testng.Assert.fail(Assert.java:99)\r\n\tat extensions.Verifications.visualElement(Verifications.java:52)\r\n\tat sanity.SauceDemoWeb.test06_verify_visualization_primary_header_logo(SauceDemoWeb.java:59)\r\n\tat sun.reflect.NativeMethodAccessorImpl.invoke0(Native Method)\r\n\tat sun.reflect.NativeMethodAccessorImpl.invoke(NativeMethodAccessorImpl.java:62)\r\n\tat sun.reflect.DelegatingMethodAccessorImpl.invoke(DelegatingMethodAccessorImpl.java:43)\r\n\tat java.lang.reflect.Method.invoke(Method.java:498)\r\n\tat org.testng.internal.MethodInvocationHelper.invokeMethod(MethodInvocationHelper.java:133)\r\n\tat org.testng.internal.TestInvoker.invokeMethod(TestInvoker.java:598)\r\n\tat org.testng.internal.TestInvoker.invokeTestMethod(TestInvoker.java:173)\r\n\tat org.testng.internal.MethodRunner.runInSequence(MethodRunner.java:46)\r\n\tat org.testng.internal.TestInvoker$MethodInvocationAgent.invoke(TestInvoker.java:824)\r\n\tat org.testng.internal.TestInvoker.invokeTestMethods(TestInvoker.java:146)\r\n\tat org.testng.internal.TestMethodWorker.invokeTestMethods(TestMethodWorker.java:146)\r\n\tat org.testng.internal.TestMethodWorker.run(TestMethodWorker.java:128)\r\n\tat java.util.ArrayList.forEach(ArrayList.java:1259)\r\n\tat org.testng.TestRunner.privateRun(TestRunner.java:794)\r\n\tat org.testng.TestRunner.run(TestRunner.java:596)\r\n\tat org.testng.SuiteRunner.runTest(SuiteRunner.java:377)\r\n\tat org.testng.SuiteRunner.runSequentially(SuiteRunner.java:371)\r\n\tat org.testng.SuiteRunner.privateRun(SuiteRunner.java:332)\r\n\tat org.testng.SuiteRunner.run(SuiteRunner.java:276)\r\n\tat org.testng.SuiteRunnerWorker.runSuite(SuiteRunnerWorker.java:53)\r\n\tat org.testng.SuiteRunnerWorker.run(SuiteRunnerWorker.java:96)\r\n\tat org.testng.TestNG.runSuitesSequentially(TestNG.java:1212)\r\n\tat org.testng.TestNG.runSuitesLocally(TestNG.java:1134)\r\n\tat org.testng.TestNG.runSuites(TestNG.java:1063)\r\n\tat org.testng.TestNG.run(TestNG.java:1031)\r\n\tat com.intellij.rt.testng.IDEARemoteTestNG.run(IDEARemoteTestNG.java:66)\r\n\tat com.intellij.rt.testng.RemoteTestNGStarter.main(RemoteTestNGStarter.java:109)\r\n"},"stage":"finished","steps":[],"attachments":[],"parameters":[{"name":"expectedImageName","value":"test06_verify_visualization_primary_header_logo"}],"start":1642529085974,"stop":1642529087689}],"attachments":[{"name":"Screenshot","source":"ddeaaa7a-59f2-4157-8308-b62798a1059e-attachment","type":"image/png"},{"name":"Sikuli Compare Image","source":"915e7f64-ab10-4b99-ab22-b00ddb318e0f-attachment","type":"image/png"}],"parameters":[],"start":1642529085974,"stop":1642529087997}