<?xml version="1.0" encoding="UTF-8"?>
<testng-results skipped="0" failed="1" ignored="0" total="12" passed="11">
  <reporter-output>
  </reporter-output>
  <suite name="All Test Suite" duration-ms="42188" started-at="2022-01-10T18:25:33 IST" finished-at="2022-01-10T18:26:15 IST">
    <groups>
    </groups>
    <test name="SauceDemoWeb" duration-ms="42188" started-at="2022-01-10T18:25:33 IST" finished-at="2022-01-10T18:26:15 IST">
      <class name="sanity.SauceDemoWeb">
        <test-method status="PASS" signature="setup()[pri:0, instance:sanity.SauceDemoWeb@61edc883]" name="setup" is-config="true" duration-ms="6411" started-at="2022-01-10T18:25:33 IST" finished-at="2022-01-10T18:25:39 IST">
          <reporter-output>
          </reporter-output>
        </test-method> <!-- setup -->
        <test-method status="PASS" signature="beforeTest(java.lang.reflect.Method)[pri:0, instance:sanity.SauceDemoWeb@61edc883]" name="beforeTest" is-config="true" duration-ms="684" started-at="2022-01-10T18:25:39 IST" finished-at="2022-01-10T18:25:40 IST">
          <params>
            <param index="0">
              <value>
                <![CDATA[public void sanity.SauceDemoWeb.test01_verifyTitle()]]>
              </value>
            </param>
          </params>
          <reporter-output>
          </reporter-output>
        </test-method> <!-- beforeTest -->
        <test-method status="PASS" signature="test01_verifyTitle()[pri:0, instance:sanity.SauceDemoWeb@61edc883]" name="test01_verifyTitle" duration-ms="183" started-at="2022-01-10T18:25:40 IST" description="Test01 - Verify Title" finished-at="2022-01-10T18:25:40 IST">
          <reporter-output>
          </reporter-output>
        </test-method> <!-- test01_verifyTitle -->
        <test-method status="PASS" signature="afterTest()[pri:0, instance:sanity.SauceDemoWeb@61edc883]" name="afterTest" is-config="true" duration-ms="61" started-at="2022-01-10T18:25:40 IST" finished-at="2022-01-10T18:25:40 IST">
          <reporter-output>
          </reporter-output>
        </test-method> <!-- afterTest -->
        <test-method status="PASS" signature="beforeTest(java.lang.reflect.Method)[pri:0, instance:sanity.SauceDemoWeb@61edc883]" name="beforeTest" is-config="true" duration-ms="614" started-at="2022-01-10T18:25:40 IST" finished-at="2022-01-10T18:25:41 IST">
          <params>
            <param index="0">
              <value>
                <![CDATA[public void sanity.SauceDemoWeb.test02_verifyItemsNumber()]]>
              </value>
            </param>
          </params>
          <reporter-output>
          </reporter-output>
        </test-method> <!-- beforeTest -->
        <test-method status="PASS" signature="test02_verifyItemsNumber()[pri:0, instance:sanity.SauceDemoWeb@61edc883]" name="test02_verifyItemsNumber" duration-ms="102" started-at="2022-01-10T18:25:41 IST" description="Test02 - Verify Items Number" finished-at="2022-01-10T18:25:41 IST">
          <reporter-output>
          </reporter-output>
        </test-method> <!-- test02_verifyItemsNumber -->
        <test-method status="PASS" signature="afterTest()[pri:0, instance:sanity.SauceDemoWeb@61edc883]" name="afterTest" is-config="true" duration-ms="36" started-at="2022-01-10T18:25:41 IST" finished-at="2022-01-10T18:25:41 IST">
          <reporter-output>
          </reporter-output>
        </test-method> <!-- afterTest -->
        <test-method status="PASS" signature="beforeTest(java.lang.reflect.Method)[pri:0, instance:sanity.SauceDemoWeb@61edc883]" name="beforeTest" is-config="true" duration-ms="509" started-at="2022-01-10T18:25:41 IST" finished-at="2022-01-10T18:25:42 IST">
          <params>
            <param index="0">
              <value>
                <![CDATA[public void sanity.SauceDemoWeb.test03_add_and_removeItemsFromInventory()]]>
              </value>
            </param>
          </params>
          <reporter-output>
          </reporter-output>
        </test-method> <!-- beforeTest -->
        <test-method status="PASS" signature="test03_add_and_removeItemsFromInventory()[pri:0, instance:sanity.SauceDemoWeb@61edc883]" name="test03_add_and_removeItemsFromInventory" duration-ms="784" started-at="2022-01-10T18:25:42 IST" description="Test03 - Add and Remove Item Testing" finished-at="2022-01-10T18:25:42 IST">
          <reporter-output>
          </reporter-output>
        </test-method> <!-- test03_add_and_removeItemsFromInventory -->
        <test-method status="PASS" signature="afterTest()[pri:0, instance:sanity.SauceDemoWeb@61edc883]" name="afterTest" is-config="true" duration-ms="57" started-at="2022-01-10T18:25:42 IST" finished-at="2022-01-10T18:25:42 IST">
          <reporter-output>
          </reporter-output>
        </test-method> <!-- afterTest -->
        <test-method status="PASS" signature="beforeTest(java.lang.reflect.Method)[pri:0, instance:sanity.SauceDemoWeb@61edc883]" name="beforeTest" is-config="true" duration-ms="544" started-at="2022-01-10T18:25:42 IST" finished-at="2022-01-10T18:25:43 IST">
          <params>
            <param index="0">
              <value>
                <![CDATA[public void sanity.SauceDemoWeb.test04_verify_low_to_high_sortingItems()]]>
              </value>
            </param>
          </params>
          <reporter-output>
          </reporter-output>
        </test-method> <!-- beforeTest -->
        <test-method status="PASS" signature="test04_verify_low_to_high_sortingItems()[pri:0, instance:sanity.SauceDemoWeb@61edc883]" name="test04_verify_low_to_high_sortingItems" duration-ms="581" started-at="2022-01-10T18:25:43 IST" description="Test04 - Verify low to high sorting items" finished-at="2022-01-10T18:25:44 IST">
          <reporter-output>
          </reporter-output>
        </test-method> <!-- test04_verify_low_to_high_sortingItems -->
        <test-method status="PASS" signature="afterTest()[pri:0, instance:sanity.SauceDemoWeb@61edc883]" name="afterTest" is-config="true" duration-ms="46" started-at="2022-01-10T18:25:44 IST" finished-at="2022-01-10T18:25:44 IST">
          <reporter-output>
          </reporter-output>
        </test-method> <!-- afterTest -->
        <test-method status="PASS" signature="beforeTest(java.lang.reflect.Method)[pri:0, instance:sanity.SauceDemoWeb@61edc883]" name="beforeTest" is-config="true" duration-ms="586" started-at="2022-01-10T18:25:44 IST" finished-at="2022-01-10T18:25:44 IST">
          <params>
            <param index="0">
              <value>
                <![CDATA[public void sanity.SauceDemoWeb.test05_verify_AllElementsDisplay()]]>
              </value>
            </param>
          </params>
          <reporter-output>
          </reporter-output>
        </test-method> <!-- beforeTest -->
        <test-method status="PASS" signature="test05_verify_AllElementsDisplay()[pri:0, instance:sanity.SauceDemoWeb@61edc883]" name="test05_verify_AllElementsDisplay" duration-ms="217" started-at="2022-01-10T18:25:44 IST" description="Test05 - Verify visibility of items" finished-at="2022-01-10T18:25:44 IST">
          <reporter-output>
          </reporter-output>
        </test-method> <!-- test05_verify_AllElementsDisplay -->
        <test-method status="PASS" signature="afterTest()[pri:0, instance:sanity.SauceDemoWeb@61edc883]" name="afterTest" is-config="true" duration-ms="37" started-at="2022-01-10T18:25:45 IST" finished-at="2022-01-10T18:25:45 IST">
          <reporter-output>
          </reporter-output>
        </test-method> <!-- afterTest -->
        <test-method status="PASS" signature="beforeTest(java.lang.reflect.Method)[pri:0, instance:sanity.SauceDemoWeb@61edc883]" name="beforeTest" is-config="true" duration-ms="484" started-at="2022-01-10T18:25:45 IST" finished-at="2022-01-10T18:25:45 IST">
          <params>
            <param index="0">
              <value>
                <![CDATA[public void sanity.SauceDemoWeb.test06_verify_visualization_primary_header_logo(java.lang.reflect.Method)]]>
              </value>
            </param>
          </params>
          <reporter-output>
          </reporter-output>
        </test-method> <!-- beforeTest -->
        <test-method status="FAIL" signature="test06_verify_visualization_primary_header_logo(java.lang.reflect.Method)[pri:0, instance:sanity.SauceDemoWeb@61edc883]" name="test06_verify_visualization_primary_header_logo" duration-ms="20713" started-at="2022-01-10T18:25:45 IST" description="Test06 - Verify Primary Header Logo" finished-at="2022-01-10T18:26:06 IST">
          <params>
            <param index="0">
              <value>
                <![CDATA[public void sanity.SauceDemoWeb.test06_verify_visualization_primary_header_logo(java.lang.reflect.Method)]]>
              </value>
            </param>
          </params>
          <exception class="java.lang.AssertionError">
            <message>
              <![CDATA[Error comparing image file FindFailed: C:\Users\liorc\IdeaProjects\AutomationCourse_FinalProject\ImageRepository\test06_verify_visualization_primary_header_logo.png: (207x51) in R[0,0 1920x1080]@S(0)
  Line 2226, in file Region.java
]]>
            </message>
            <full-stacktrace>
              <![CDATA[java.lang.AssertionError: Error comparing image file FindFailed: C:\Users\liorc\IdeaProjects\AutomationCourse_FinalProject\ImageRepository\test06_verify_visualization_primary_header_logo.png: (207x51) in R[0,0 1920x1080]@S(0)
  Line 2226, in file Region.java

at org.testng.Assert.fail(Assert.java:99)
at extensions.Verifications.visualElement(Verifications.java:52)
at sanity.SauceDemoWeb.test06_verify_visualization_primary_header_logo(SauceDemoWeb.java:59)
at sun.reflect.NativeMethodAccessorImpl.invoke0(Native Method)
at sun.reflect.NativeMethodAccessorImpl.invoke(NativeMethodAccessorImpl.java:62)
at sun.reflect.DelegatingMethodAccessorImpl.invoke(DelegatingMethodAccessorImpl.java:43)
at java.lang.reflect.Method.invoke(Method.java:498)
at org.testng.internal.MethodInvocationHelper.invokeMethod(MethodInvocationHelper.java:133)
at org.testng.internal.TestInvoker.invokeMethod(TestInvoker.java:598)
at org.testng.internal.TestInvoker.invokeTestMethod(TestInvoker.java:173)
at org.testng.internal.MethodRunner.runInSequence(MethodRunner.java:46)
at org.testng.internal.TestInvoker$MethodInvocationAgent.invoke(TestInvoker.java:824)
at org.testng.internal.TestInvoker.invokeTestMethods(TestInvoker.java:146)
at org.testng.internal.TestMethodWorker.invokeTestMethods(TestMethodWorker.java:146)
at org.testng.internal.TestMethodWorker.run(TestMethodWorker.java:128)
at java.util.ArrayList.forEach(ArrayList.java:1259)
at org.testng.TestRunner.privateRun(TestRunner.java:794)
at org.testng.TestRunner.run(TestRunner.java:596)
at org.testng.SuiteRunner.runTest(SuiteRunner.java:377)
at org.testng.SuiteRunner.runSequentially(SuiteRunner.java:371)
at org.testng.SuiteRunner.privateRun(SuiteRunner.java:332)
at org.testng.SuiteRunner.run(SuiteRunner.java:276)
at org.testng.SuiteRunnerWorker.runSuite(SuiteRunnerWorker.java:53)
at org.testng.SuiteRunnerWorker.run(SuiteRunnerWorker.java:96)
at org.testng.TestNG.runSuitesSequentially(TestNG.java:1212)
at org.testng.TestNG.runSuitesLocally(TestNG.java:1134)
at org.testng.TestNG.runSuites(TestNG.java:1063)
at org.testng.TestNG.run(TestNG.java:1031)
at org.apache.maven.surefire.testng.TestNGExecutor.run(TestNGExecutor.java:283)
at org.apache.maven.surefire.testng.TestNGXmlTestSuite.execute(TestNGXmlTestSuite.java:75)
at org.apache.maven.surefire.testng.TestNGProvider.invoke(TestNGProvider.java:120)
at org.apache.maven.surefire.booter.ForkedBooter.invokeProviderInSameClassLoader(ForkedBooter.java:386)
at org.apache.maven.surefire.booter.ForkedBooter.runSuitesInProcess(ForkedBooter.java:323)
at org.apache.maven.surefire.booter.ForkedBooter.main(ForkedBooter.java:143)
]]>
            </full-stacktrace>
          </exception> <!-- java.lang.AssertionError -->
          <reporter-output>
          </reporter-output>
        </test-method> <!-- test06_verify_visualization_primary_header_logo -->
        <test-method status="PASS" signature="afterTest()[pri:0, instance:sanity.SauceDemoWeb@61edc883]" name="afterTest" is-config="true" duration-ms="57" started-at="2022-01-10T18:26:06 IST" finished-at="2022-01-10T18:26:06 IST">
          <reporter-output>
          </reporter-output>
        </test-method> <!-- afterTest -->
        <test-method status="PASS" signature="beforeTest(java.lang.reflect.Method)[pri:0, instance:sanity.SauceDemoWeb@61edc883]" name="beforeTest" is-config="true" duration-ms="588" started-at="2022-01-10T18:26:06 IST" finished-at="2022-01-10T18:26:07 IST">
          <params>
            <param index="0">
              <value>
                <![CDATA[public void sanity.SauceDemoWeb.test07_verify_product_exists_inCart(java.lang.String)]]>
              </value>
            </param>
          </params>
          <reporter-output>
          </reporter-output>
        </test-method> <!-- beforeTest -->
        <test-method status="PASS" signature="test07_verify_product_exists_inCart(java.lang.String)[pri:0, instance:sanity.SauceDemoWeb@61edc883]" name="test07_verify_product_exists_inCart" duration-ms="401" started-at="2022-01-10T18:26:07 IST" description="Test07 - Verify Item Exists In Cart" data-provider="data-provider-items" finished-at="2022-01-10T18:26:07 IST">
          <params>
            <param index="0">
              <value>
                <![CDATA[Sauce Labs Backpack]]>
              </value>
            </param>
          </params>
          <reporter-output>
          </reporter-output>
        </test-method> <!-- test07_verify_product_exists_inCart -->
        <test-method status="PASS" signature="afterTest()[pri:0, instance:sanity.SauceDemoWeb@61edc883]" name="afterTest" is-config="true" duration-ms="56" started-at="2022-01-10T18:26:07 IST" finished-at="2022-01-10T18:26:07 IST">
          <reporter-output>
          </reporter-output>
        </test-method> <!-- afterTest -->
        <test-method status="PASS" signature="beforeTest(java.lang.reflect.Method)[pri:0, instance:sanity.SauceDemoWeb@61edc883]" name="beforeTest" is-config="true" duration-ms="565" started-at="2022-01-10T18:26:07 IST" finished-at="2022-01-10T18:26:08 IST">
          <params>
            <param index="0">
              <value>
                <![CDATA[public void sanity.SauceDemoWeb.test07_verify_product_exists_inCart(java.lang.String)]]>
              </value>
            </param>
          </params>
          <reporter-output>
          </reporter-output>
        </test-method> <!-- beforeTest -->
        <test-method status="PASS" signature="test07_verify_product_exists_inCart(java.lang.String)[pri:0, instance:sanity.SauceDemoWeb@61edc883]" name="test07_verify_product_exists_inCart" duration-ms="457" started-at="2022-01-10T18:26:08 IST" description="Test07 - Verify Item Exists In Cart" data-provider="data-provider-items" finished-at="2022-01-10T18:26:08 IST">
          <params>
            <param index="0">
              <value>
                <![CDATA[Sauce Labs Bike Light]]>
              </value>
            </param>
          </params>
          <reporter-output>
          </reporter-output>
        </test-method> <!-- test07_verify_product_exists_inCart -->
        <test-method status="PASS" signature="afterTest()[pri:0, instance:sanity.SauceDemoWeb@61edc883]" name="afterTest" is-config="true" duration-ms="54" started-at="2022-01-10T18:26:08 IST" finished-at="2022-01-10T18:26:09 IST">
          <reporter-output>
          </reporter-output>
        </test-method> <!-- afterTest -->
        <test-method status="PASS" signature="beforeTest(java.lang.reflect.Method)[pri:0, instance:sanity.SauceDemoWeb@61edc883]" name="beforeTest" is-config="true" duration-ms="550" started-at="2022-01-10T18:26:09 IST" finished-at="2022-01-10T18:26:09 IST">
          <params>
            <param index="0">
              <value>
                <![CDATA[public void sanity.SauceDemoWeb.test07_verify_product_exists_inCart(java.lang.String)]]>
              </value>
            </param>
          </params>
          <reporter-output>
          </reporter-output>
        </test-method> <!-- beforeTest -->
        <test-method status="PASS" signature="test07_verify_product_exists_inCart(java.lang.String)[pri:0, instance:sanity.SauceDemoWeb@61edc883]" name="test07_verify_product_exists_inCart" duration-ms="589" started-at="2022-01-10T18:26:09 IST" description="Test07 - Verify Item Exists In Cart" data-provider="data-provider-items" finished-at="2022-01-10T18:26:10 IST">
          <params>
            <param index="0">
              <value>
                <![CDATA[Sauce Labs Bolt T-Shirt]]>
              </value>
            </param>
          </params>
          <reporter-output>
          </reporter-output>
        </test-method> <!-- test07_verify_product_exists_inCart -->
        <test-method status="PASS" signature="afterTest()[pri:0, instance:sanity.SauceDemoWeb@61edc883]" name="afterTest" is-config="true" duration-ms="60" started-at="2022-01-10T18:26:10 IST" finished-at="2022-01-10T18:26:10 IST">
          <reporter-output>
          </reporter-output>
        </test-method> <!-- afterTest -->
        <test-method status="PASS" signature="beforeTest(java.lang.reflect.Method)[pri:0, instance:sanity.SauceDemoWeb@61edc883]" name="beforeTest" is-config="true" duration-ms="551" started-at="2022-01-10T18:26:10 IST" finished-at="2022-01-10T18:26:10 IST">
          <params>
            <param index="0">
              <value>
                <![CDATA[public void sanity.SauceDemoWeb.test07_verify_product_exists_inCart(java.lang.String)]]>
              </value>
            </param>
          </params>
          <reporter-output>
          </reporter-output>
        </test-method> <!-- beforeTest -->
        <test-method status="PASS" signature="test07_verify_product_exists_inCart(java.lang.String)[pri:0, instance:sanity.SauceDemoWeb@61edc883]" name="test07_verify_product_exists_inCart" duration-ms="652" started-at="2022-01-10T18:26:10 IST" description="Test07 - Verify Item Exists In Cart" data-provider="data-provider-items" finished-at="2022-01-10T18:26:11 IST">
          <params>
            <param index="0">
              <value>
                <![CDATA[Sauce Labs Fleece Jacket]]>
              </value>
            </param>
          </params>
          <reporter-output>
          </reporter-output>
        </test-method> <!-- test07_verify_product_exists_inCart -->
        <test-method status="PASS" signature="afterTest()[pri:0, instance:sanity.SauceDemoWeb@61edc883]" name="afterTest" is-config="true" duration-ms="67" started-at="2022-01-10T18:26:11 IST" finished-at="2022-01-10T18:26:11 IST">
          <reporter-output>
          </reporter-output>
        </test-method> <!-- afterTest -->
        <test-method status="PASS" signature="beforeTest(java.lang.reflect.Method)[pri:0, instance:sanity.SauceDemoWeb@61edc883]" name="beforeTest" is-config="true" duration-ms="537" started-at="2022-01-10T18:26:11 IST" finished-at="2022-01-10T18:26:12 IST">
          <params>
            <param index="0">
              <value>
                <![CDATA[public void sanity.SauceDemoWeb.test07_verify_product_exists_inCart(java.lang.String)]]>
              </value>
            </param>
          </params>
          <reporter-output>
          </reporter-output>
        </test-method> <!-- beforeTest -->
        <test-method status="PASS" signature="test07_verify_product_exists_inCart(java.lang.String)[pri:0, instance:sanity.SauceDemoWeb@61edc883]" name="test07_verify_product_exists_inCart" duration-ms="739" started-at="2022-01-10T18:26:12 IST" description="Test07 - Verify Item Exists In Cart" data-provider="data-provider-items" finished-at="2022-01-10T18:26:12 IST">
          <params>
            <param index="0">
              <value>
                <![CDATA[Sauce Labs Onesie]]>
              </value>
            </param>
          </params>
          <reporter-output>
          </reporter-output>
        </test-method> <!-- test07_verify_product_exists_inCart -->
        <test-method status="PASS" signature="afterTest()[pri:0, instance:sanity.SauceDemoWeb@61edc883]" name="afterTest" is-config="true" duration-ms="56" started-at="2022-01-10T18:26:13 IST" finished-at="2022-01-10T18:26:13 IST">
          <reporter-output>
          </reporter-output>
        </test-method> <!-- afterTest -->
        <test-method status="PASS" signature="beforeTest(java.lang.reflect.Method)[pri:0, instance:sanity.SauceDemoWeb@61edc883]" name="beforeTest" is-config="true" duration-ms="507" started-at="2022-01-10T18:26:13 IST" finished-at="2022-01-10T18:26:13 IST">
          <params>
            <param index="0">
              <value>
                <![CDATA[public void sanity.SauceDemoWeb.test07_verify_product_exists_inCart(java.lang.String)]]>
              </value>
            </param>
          </params>
          <reporter-output>
          </reporter-output>
        </test-method> <!-- beforeTest -->
        <test-method status="PASS" signature="test07_verify_product_exists_inCart(java.lang.String)[pri:0, instance:sanity.SauceDemoWeb@61edc883]" name="test07_verify_product_exists_inCart" duration-ms="813" started-at="2022-01-10T18:26:13 IST" description="Test07 - Verify Item Exists In Cart" data-provider="data-provider-items" finished-at="2022-01-10T18:26:14 IST">
          <params>
            <param index="0">
              <value>
                <![CDATA[Test.allTheThings() T-Shirt (Red)]]>
              </value>
            </param>
          </params>
          <reporter-output>
          </reporter-output>
        </test-method> <!-- test07_verify_product_exists_inCart -->
        <test-method status="PASS" signature="afterTest()[pri:0, instance:sanity.SauceDemoWeb@61edc883]" name="afterTest" is-config="true" duration-ms="67" started-at="2022-01-10T18:26:14 IST" finished-at="2022-01-10T18:26:14 IST">
          <reporter-output>
          </reporter-output>
        </test-method> <!-- afterTest -->
        <test-method status="PASS" signature="teardown()[pri:0, instance:sanity.SauceDemoWeb@61edc883]" name="teardown" is-config="true" duration-ms="697" started-at="2022-01-10T18:26:14 IST" finished-at="2022-01-10T18:26:15 IST">
          <reporter-output>
          </reporter-output>
        </test-method> <!-- teardown -->
      </class> <!-- sanity.SauceDemoWeb -->
    </test> <!-- SauceDemoWeb -->
  </suite> <!-- All Test Suite -->
</testng-results>
